<?xml version="1.0" encoding="UTF-8"?>
<!-- Generated by org.testng.reporters.JUnitReportReporter -->
<testsuite hostname="DESKTOP-I3TN9CV" failures="0" tests="1" name="com.testCases.TC02_AccountLogin" time="2.543" errors="0" timestamp="2024-11-25T17:11:21 IST" skipped="0">
  <testcase classname="com.testCases.TC02_AccountLogin" name="verify_LoginwithInvalidCredentials" time="2.543"/>
</testsuite> <!-- com.testCases.TC02_AccountLogin -->
